C51 COMPILER V9.60.0.0   SEG                                                               03/24/2024 22:59:15 PAGE 1   


C51 COMPILER V9.60.0.0, COMPILATION OF MODULE SEG
OBJECT MODULE PLACED IN .\Objects\SEG.obj
COMPILER INVOKED BY: D:\UV4\C51\BIN\C51.EXE SEG.c OPTIMIZE(8,SPEED) BROWSE DEBUG OBJECTEXTEND PRINT(.\Listings\SEG.lst) 
                    -TABS(2) OBJECT(.\Objects\SEG.obj)

line level    source

   1          #include "SEG.h"
   2          
   3          u8 seg_buf[8] = {0xff,0xff,0xff,0xff,0xff,0xff,0xff,0xff};//ÊýÂë¹Ü»º´æ
   4          code unsigned char tab[] =
   5          {
   6          0xc0, //0
   7          0xf9, //1
   8          0xa4, //2
   9          0xb0, //3
  10          0x99, //4
  11          0x92, //5
  12          0x82, //6
  13          0xf8, //7
  14          0x80, //8
  15          0x90, //9
  16          0x88, //A
  17          0x83, //b
  18          0xc6, //C
  19          0xa1, //d
  20          0x86, //E
  21          0x8e //F
  22          };
  23          
  24          void SEG_Display()
  25          {
  26   1        static u8 i = 0;
  27   1        Device_Ctrl(0xc0,0x00);
  28   1        Device_Ctrl(0xe0,seg_buf[i]);
  29   1        Device_Ctrl(0xc0,0x01 << i);
  30   1        i = (i + 1) % 8;
  31   1      }


MODULE INFORMATION:   STATIC OVERLAYABLE
   CODE SIZE        =     46    ----
   CONSTANT SIZE    =     16    ----
   XDATA SIZE       =   ----    ----
   PDATA SIZE       =   ----    ----
   DATA SIZE        =      9    ----
   IDATA SIZE       =   ----    ----
   BIT SIZE         =   ----    ----
END OF MODULE INFORMATION.


C51 COMPILATION COMPLETE.  0 WARNING(S),  0 ERROR(S)
