C51 COMPILER V9.60.0.0   TIMER                                                             03/24/2024 22:59:15 PAGE 1   


C51 COMPILER V9.60.0.0, COMPILATION OF MODULE TIMER
OBJECT MODULE PLACED IN .\Objects\Timer.obj
COMPILER INVOKED BY: D:\UV4\C51\BIN\C51.EXE Timer.c OPTIMIZE(8,SPEED) BROWSE DEBUG OBJECTEXTEND PRINT(.\Listings\Timer.l
                    -st) TABS(2) OBJECT(.\Objects\Timer.obj)

line level    source

   1          #include "Timer.h"
   2          
   3          void Timer0_Init(void)    //1毫秒@12.000MHz
   4          {
   5   1        AUXR &= 0x7F;     //定时器时钟12T模式
   6   1        TMOD &= 0xF0;     //设置定时器模式
   7   1        TMOD |= 0x05;     //GATE = 0;设置计数器模式,非自动重装载
   8   1        TL0 = 0;        //设置定时初始值
   9   1        TH0 = 0;        //设置定时初始值
  10   1        TF0 = 0;        //清除TF0标志
  11   1        TR0 = 1;        //定时器0开始计时
  12   1      }
  13          
  14          void Timer2_Init(void)    //1毫秒@12.000MHz
  15          {
  16   1        AUXR &= 0xFB;     //定时器时钟12T模式
  17   1        T2L = 0x18;       //设置定时初始值
  18   1        T2H = 0xFC;       //设置定时初始值
  19   1        AUXR |= 0x10;     //定时器2开始计时
  20   1      }


MODULE INFORMATION:   STATIC OVERLAYABLE
   CODE SIZE        =     32    ----
   CONSTANT SIZE    =   ----    ----
   XDATA SIZE       =   ----    ----
   PDATA SIZE       =   ----    ----
   DATA SIZE        =   ----    ----
   IDATA SIZE       =   ----    ----
   BIT SIZE         =   ----    ----
END OF MODULE INFORMATION.


C51 COMPILATION COMPLETE.  0 WARNING(S),  0 ERROR(S)
