C51 COMPILER V9.60.0.0   DAC                                                               04/16/2024 00:34:25 PAGE 1   


C51 COMPILER V9.60.0.0, COMPILATION OF MODULE DAC
OBJECT MODULE PLACED IN .\Objects\DAC.obj
COMPILER INVOKED BY: D:\UV4\C51\BIN\C51.EXE DAC.c OPTIMIZE(8,SPEED) BROWSE DEBUG OBJECTEXTEND PRINT(.\Listings\DAC.lst) 
                    -TABS(2) OBJECT(.\Objects\DAC.obj)

line level    source

   1          #include "DAC.h"
   2          //控制字 启用DAC：0x40 光敏(AIN1)0x41，Rb2(AIN3)0x43 同时获取需要调换！
   3          //8591写地址：0x90；读地址：0x91
   4          
   5          void DA_Write(u8 addr)
   6          {
   7   1        I2CStart();
   8   1        I2CSendByte(0x90);
   9   1        I2CWaitAck();
  10   1        I2CSendByte(0x40);
  11   1        I2CWaitAck();
  12   1        I2CSendByte(addr);
  13   1        I2CWaitAck();
  14   1        I2CStop();
  15   1      }


MODULE INFORMATION:   STATIC OVERLAYABLE
   CODE SIZE        =     32    ----
   CONSTANT SIZE    =   ----    ----
   XDATA SIZE       =   ----    ----
   PDATA SIZE       =   ----    ----
   DATA SIZE        =   ----       1
   IDATA SIZE       =   ----    ----
   BIT SIZE         =   ----    ----
END OF MODULE INFORMATION.


C51 COMPILATION COMPLETE.  0 WARNING(S),  0 ERROR(S)
