C51 COMPILER V9.56.0.0   DS1302                                                            02/02/2024 16:59:45 PAGE 1   


C51 COMPILER V9.56.0.0, COMPILATION OF MODULE DS1302
OBJECT MODULE PLACED IN .\Objects\ds1302.obj
COMPILER INVOKED BY: D:\C51\BIN\C51.EXE ds1302.c OPTIMIZE(8,SPEED) BROWSE DEBUG OBJECTEXTEND PRINT(.\Listings\ds1302.lst
                    -) TABS(2) OBJECT(.\Objects\ds1302.obj)

line level    source

   1          /*  #   DS1302ä»£ç ç‰‡æ®µè¯´æ˜
   2            1.  æœ¬æ–‡ä»¶å¤¹ä¸­æä¾›çš„é©±åŠ¨ä»£ç ä¾›å‚èµ›é€‰æ‰‹å®Œæˆç¨‹åºè®¾è®¡å‚è€ƒã€‚
   3            2.  å‚èµ›é€‰æ‰‹å¯ä»¥è‡ªè¡Œç¼–å†™ç›¸å…³ä»£ç æˆ–ä»¥è¯¥ä»£ç ä¸ºåŸºç¡€ï¼Œæ ¹æ®æ‰€é€‰å•ç‰‡æœºç±»å‹ã€è¿
             -è¡Œé€Ÿåº¦å’Œè¯•é¢˜
   4              ä¸­å¯¹å•ç‰‡æœºæ—¶é’Ÿé¢‘ç‡çš„è¦æ±‚ï¼Œè¿›è¡Œä»£ç è°ƒè¯•å’Œä¿®æ”¹ã€‚
   5          */                
   6          #include "ds1302.h"
   7          //
   8          void Write_Ds1302(unsigned  char temp) 
   9          {
  10   1        unsigned char i;
  11   1        for (i=0;i<8;i++)       
  12   1        { 
  13   2          SCK = 0;
  14   2          SDA = temp&0x01;
  15   2          temp>>=1; 
  16   2          SCK=1;
  17   2        }
  18   1      }   
  19          
  20          //
  21          void Write_Ds1302_Byte( unsigned char address,unsigned char dat )     
  22          {
  23   1        RST=0;  _nop_();
  24   1        SCK=0;  _nop_();
  25   1        RST=1;  _nop_();  
  26   1        Write_Ds1302(address);  
  27   1        Write_Ds1302(dat);    
  28   1        RST=0; 
  29   1      }
  30          
  31          //
  32          unsigned char Read_Ds1302_Byte ( unsigned char address )
  33          {
  34   1        unsigned char i,temp=0x00;
  35   1        RST=0;  _nop_();
  36   1        SCK=0;  _nop_();
  37   1        RST=1;  _nop_();
  38   1        Write_Ds1302(address);
  39   1        for (i=0;i<8;i++)   
  40   1        {   
  41   2          SCK=0;
  42   2          temp>>=1; 
  43   2          if(SDA)
  44   2          temp|=0x80; 
  45   2          SCK=1;
  46   2        } 
  47   1        RST=0;  _nop_();
  48   1        SCK=0;  _nop_();
  49   1        SCK=1;  _nop_();
  50   1        SDA=0;  _nop_();
  51   1        SDA=1;  _nop_();
  52   1        return (temp);      
  53   1      }
C51 COMPILER V9.56.0.0   DS1302                                                            02/02/2024 16:59:45 PAGE 2   

  54          
  55          
  56          void DS1302_Set(u8* time, u8* date)//DS1302æ—¶é—´è®¾ç½®
  57          {
  58   1        Write_Ds1302_Byte(0x8e,0x00);//æ‰“å¼€å†™ä¿æŠ¤
  59   1        
  60   1        Write_Ds1302_Byte(0x84,time[0]);//å†™æ—¶åˆ†ç§’
  61   1        Write_Ds1302_Byte(0x82,time[1]);
  62   1        Write_Ds1302_Byte(0x80,time[2]);
  63   1        Write_Ds1302_Byte(0x8c,date[0]);//å†™å¹´æœˆæ—¥
  64   1        Write_Ds1302_Byte(0x88,date[1]);
  65   1        Write_Ds1302_Byte(0x86,date[2]);
  66   1        
  67   1        Write_Ds1302_Byte(0x8e,0x80);//å…³é—­å†™ä¿æŠ¤
  68   1      }
  69          
  70          void DS1302_Read(u8* time, u8* date)//è¯»å–DS1302æ—¶é—´
  71          {
  72   1        u8 i;
  73   1        for(i = 0; i <3; i++){
  74   2          time[i] = Read_Ds1302_Byte(0x85 - i*2);//è¯»æ—¶åˆ†ç§’
  75   2        }
  76   1        date[0] = Read_Ds1302_Byte(0x8d);//è¯»å¹´æœˆæ—¥
  77   1        date[1] = Read_Ds1302_Byte(0x89);
  78   1        date[2] = Read_Ds1302_Byte(0x87);
  79   1      }


MODULE INFORMATION:   STATIC OVERLAYABLE
   CODE SIZE        =    279    ----
   CONSTANT SIZE    =   ----    ----
   XDATA SIZE       =   ----    ----
   PDATA SIZE       =   ----    ----
   DATA SIZE        =   ----      12
   IDATA SIZE       =   ----    ----
   BIT SIZE         =   ----    ----
END OF MODULE INFORMATION.


C51 COMPILATION COMPLETE.  0 WARNING(S),  0 ERROR(S)
