C51 COMPILER V9.56.0.0   SEG                                                               02/02/2024 16:59:45 PAGE 1   


C51 COMPILER V9.56.0.0, COMPILATION OF MODULE SEG
OBJECT MODULE PLACED IN .\Objects\SEG.obj
COMPILER INVOKED BY: D:\C51\BIN\C51.EXE SEG.c OPTIMIZE(8,SPEED) BROWSE DEBUG OBJECTEXTEND PRINT(.\Listings\SEG.lst) TABS
                    -(2) OBJECT(.\Objects\SEG.obj)

line level    source

   1          #include "SEG.h"
   2          /*(Nixie tubes) segment 数码管*/
   3          
   4          u8 seg_buf[8];//数码管缓存
   5          code unsigned char tab[] =
   6          {
   7          0xc0, //0
   8          0xf9, //1
   9          0xa4, //2
  10          0xb0, //3
  11          0x99, //4
  12          0x92, //5
  13          0x82, //6
  14          0xf8, //7
  15          0x80, //8
  16          0x90, //9
  17          0x88, //A
  18          0x83, //b
  19          0xc6, //C
  20          0xa1, //d
  21          0x86, //E
  22          0x8e //F
  23          };
  24          
  25          void SEG_Display()
  26          {
  27   1        static u8 i = 0;
  28   1        Device_Ctrl(0xc0,0x00);//消影，关闭所有位选
  29   1        Device_Ctrl(0xe0,seg_buf[i]);//段选
  30   1        Device_Ctrl(0xc0,0x01 << i);//位选
  31   1        i = (i + 1) % 8;
  32   1      }


MODULE INFORMATION:   STATIC OVERLAYABLE
   CODE SIZE        =     46    ----
   CONSTANT SIZE    =     16    ----
   XDATA SIZE       =   ----    ----
   PDATA SIZE       =   ----    ----
   DATA SIZE        =      9    ----
   IDATA SIZE       =   ----    ----
   BIT SIZE         =   ----    ----
END OF MODULE INFORMATION.


C51 COMPILATION COMPLETE.  0 WARNING(S),  0 ERROR(S)
