C51 COMPILER V9.56.0.0   UART                                                              02/02/2024 16:59:45 PAGE 1   


C51 COMPILER V9.56.0.0, COMPILATION OF MODULE UART
OBJECT MODULE PLACED IN .\Objects\Uart.obj
COMPILER INVOKED BY: D:\C51\BIN\C51.EXE Uart.c OPTIMIZE(8,SPEED) BROWSE DEBUG OBJECTEXTEND PRINT(.\Listings\Uart.lst) TA
                    -BS(2) OBJECT(.\Objects\Uart.obj)

line level    source

   1          #include "Uart.h"
   2          
   3          void Uart1Init(void)    //9600bps@12.000MHz
   4          {
   5   1        SCON = 0x50;    //8位数据,可变波特率
   6   1        AUXR |= 0x01;   //串口1选择定时器2为波特率发生器
   7   1        AUXR &= 0xFB;   //定时器时钟12T模式
   8   1        T2L = 0xE6;     //设置定时初始值
   9   1        T2H = 0xFF;     //设置定时初始值
  10   1        AUXR |= 0x10;   //定时器2开始计时
  11   1      }
  12          
  13          void SendByte(u8 dat)//送出1字节数据
  14          {
  15   1        SBUF = dat;
  16   1        while(TI == 0);
  17   1        TI = 0;
  18   1      }
  19          
  20          void Uart_Send(u8* dat)//串口送出字符串
  21          {
  22   1        while(*dat != '\0')
  23   1          SendByte(*dat++);
  24   1      }


MODULE INFORMATION:   STATIC OVERLAYABLE
   CODE SIZE        =     64    ----
   CONSTANT SIZE    =   ----    ----
   XDATA SIZE       =   ----    ----
   PDATA SIZE       =   ----    ----
   DATA SIZE        =   ----       3
   IDATA SIZE       =   ----    ----
   BIT SIZE         =   ----    ----
END OF MODULE INFORMATION.


C51 COMPILATION COMPLETE.  0 WARNING(S),  0 ERROR(S)
