C51 COMPILER V9.56.0.0   BTN                                                               02/19/2024 18:03:15 PAGE 1   


C51 COMPILER V9.56.0.0, COMPILATION OF MODULE BTN
OBJECT MODULE PLACED IN .\Objects\BTN.obj
COMPILER INVOKED BY: D:\C51\BIN\C51.EXE BTN.c OPTIMIZE(8,SPEED) BROWSE DEBUG OBJECTEXTEND PRINT(.\Listings\BTN.lst) TABS
                    -(2) OBJECT(.\Objects\BTN.obj)

line level    source

   1          #include "BTN.h"
   2          
   3          u8 pres,cont,rels;//按下，长按，松手
   4          void BTN_Read()
   5          {
   6   1        u8 state = P3 & 0x0f ^ 0xff;
   7   1        pres = state & (state ^cont);
   8   1        rels = ~state & (state ^cont);
   9   1        cont = state;
  10   1      }


MODULE INFORMATION:   STATIC OVERLAYABLE
   CODE SIZE        =     20    ----
   CONSTANT SIZE    =   ----    ----
   XDATA SIZE       =   ----    ----
   PDATA SIZE       =   ----    ----
   DATA SIZE        =      3    ----
   IDATA SIZE       =   ----    ----
   BIT SIZE         =   ----    ----
END OF MODULE INFORMATION.


C51 COMPILATION COMPLETE.  0 WARNING(S),  0 ERROR(S)
