C51 COMPILER V9.56.0.0   EEPROM                                                            02/19/2024 18:03:15 PAGE 1   


C51 COMPILER V9.56.0.0, COMPILATION OF MODULE EEPROM
OBJECT MODULE PLACED IN .\Objects\EEPROM.obj
COMPILER INVOKED BY: D:\C51\BIN\C51.EXE EEPROM.c OPTIMIZE(8,SPEED) BROWSE DEBUG OBJECTEXTEND PRINT(.\Listings\EEPROM.lst
                    -) TABS(2) OBJECT(.\Objects\EEPROM.obj)

line level    source

   1          #include "EEPROM.h"
   2          
   3          void EEPROM_Write(u8* dat,u8 addr,u8 num)//形参：将要写入的字符串；写入的地址（8倍数）；写入的数量
   4          {
   5   1        I2CStart();
   6   1        I2CSendByte(0xa0);//选择AT24C02芯片，写模式
   7   1        I2CWaitAck();
   8   1        
   9   1        I2CSendByte(addr);//选择写入的地址
  10   1        I2CWaitAck();
  11   1        
  12   1        while(num--){
  13   2          I2CSendByte(*dat++);//写入数据
  14   2          I2CWaitAck();
  15   2          I2C_Delay(200);
  16   2        }
  17   1        
  18   1        I2CStop();
  19   1      }
  20          
  21          void EEPROM_Read(u8* dat,u8 addr,u8 num)//形参：将要读出的字符串；读的地址（8倍数）；读的数量
  22          {
  23   1        I2CStart();
  24   1        I2CSendByte(0xa0);//选择AT24C02芯片，写模式
  25   1        I2CWaitAck();
  26   1        
  27   1        I2CSendByte(addr);//选择写入的地址
  28   1        I2CWaitAck();
  29   1        
  30   1        I2CStart();
  31   1        I2CSendByte(0xa1);//选择AT24C02芯片，读模式
  32   1        I2CWaitAck();
  33   1        
  34   1        while(num--){
  35   2          *dat++ = I2CReceiveByte();
  36   2          if(num) I2CSendAck(0);//继续读，发送应答
  37   2          else  I2CSendAck(1);//不应答
  38   2        }
  39   1        
  40   1        I2CStop();
  41   1      }


MODULE INFORMATION:   STATIC OVERLAYABLE
   CODE SIZE        =    152    ----
   CONSTANT SIZE    =   ----    ----
   XDATA SIZE       =   ----    ----
   PDATA SIZE       =   ----    ----
   DATA SIZE        =   ----      10
   IDATA SIZE       =   ----    ----
   BIT SIZE         =   ----    ----
END OF MODULE INFORMATION.


C51 COMPILATION COMPLETE.  0 WARNING(S),  0 ERROR(S)
