C51 COMPILER V9.56.0.0   DEVICE                                                            02/04/2024 18:05:11 PAGE 1   


C51 COMPILER V9.56.0.0, COMPILATION OF MODULE DEVICE
OBJECT MODULE PLACED IN .\Objects\Device.obj
COMPILER INVOKED BY: D:\C51\BIN\C51.EXE Device.c COMPACT OPTIMIZE(8,SPEED) BROWSE MODP2 DEBUG OBJECTEXTEND PRINT(.\Listi
                    -ngs\Device.lst) TABS(2) OBJECT(.\Objects\Device.obj)

line level    source

   1          #include "Device.h"
   2          
   3          void Device_Ctrl(u8 p2data, u8 p0data)//锁存器控制函数
   4          /*  Y4(LED)=0x80; Y5(BEEP)=0xA0;   
   5            Y6(位选)=0xC0; Y7(段选)=0xE0; */
   6          {
   7   1        P2 = P2 & 0x1f | p2data;  //P2锁存器打开，前三位先清零，后五位不动。然后再赋值
   8   1        P0 = p0data;        //P0口赋值
   9   1        P2 = P2 & 0x1f;       //P2锁存器关闭，前三位清零，后五位不动
  10   1      }
  11          
  12          void Device_Init()//初始化外设驱动，开启中断等
  13          {
  14   1        Device_Ctrl(0xa0,0x00);
  15   1        Device_Ctrl(0x80,0xff);
  16   1        
  17   1        
  18   1        ET0 = 1;//开定时器0中断
  19   1        ES = 1;//开串口1中断
  20   1        EA = 1;//开总中断
  21   1      }


MODULE INFORMATION:   STATIC OVERLAYABLE
   CODE SIZE        =     36    ----
   CONSTANT SIZE    =   ----    ----
   XDATA SIZE       =   ----    ----
   PDATA SIZE       =   ----    ----
   DATA SIZE        =   ----    ----
   IDATA SIZE       =   ----    ----
   BIT SIZE         =   ----    ----
END OF MODULE INFORMATION.


C51 COMPILATION COMPLETE.  0 WARNING(S),  0 ERROR(S)
