C51 COMPILER V9.56.0.0   DS18B20                                                           02/04/2024 18:05:12 PAGE 1   


C51 COMPILER V9.56.0.0, COMPILATION OF MODULE DS18B20
OBJECT MODULE PLACED IN .\Objects\DS18B20.obj
COMPILER INVOKED BY: D:\C51\BIN\C51.EXE DS18B20.c COMPACT OPTIMIZE(8,SPEED) BROWSE MODP2 DEBUG OBJECTEXTEND PRINT(.\List
                    -ings\DS18B20.lst) TABS(2) OBJECT(.\Objects\DS18B20.obj)

line level    source

   1          #include "DS18B20.h"
   2          
   3          float Read_Temper(void)//读取温度数据函数
   4          {
   5   1        u8 low,high;//低位，高位
   6   1        
   7   1        init_ds18b20();//初始化
   8   1        Write_DS18B20(0xcc);//跳过rom
   9   1        Write_DS18B20(0x44);//进行温度转换
  10   1        
  11   1        init_ds18b20();//初始化
  12   1        Write_DS18B20(0xcc);//跳过rom
  13   1        Write_DS18B20(0xbe);//读取温度
  14   1        
  15   1        low = Read_DS18B20();
  16   1        high = Read_DS18B20();
  17   1        
  18   1        return (((high << 8) | low) / 16.0);//转换为十进制浮点型输出
  19   1      }


MODULE INFORMATION:   STATIC OVERLAYABLE
   CODE SIZE        =     59    ----
   CONSTANT SIZE    =   ----    ----
   XDATA SIZE       =   ----    ----
   PDATA SIZE       =   ----       1
   DATA SIZE        =   ----    ----
   IDATA SIZE       =   ----    ----
   BIT SIZE         =   ----    ----
END OF MODULE INFORMATION.


C51 COMPILATION COMPLETE.  0 WARNING(S),  0 ERROR(S)
