C51 COMPILER V9.56.0.0   TIMER                                                             02/04/2024 18:05:11 PAGE 1   


C51 COMPILER V9.56.0.0, COMPILATION OF MODULE TIMER
OBJECT MODULE PLACED IN .\Objects\Timer.obj
COMPILER INVOKED BY: D:\C51\BIN\C51.EXE Timer.c COMPACT OPTIMIZE(8,SPEED) BROWSE MODP2 DEBUG OBJECTEXTEND PRINT(.\Listin
                    -gs\Timer.lst) TABS(2) OBJECT(.\Objects\Timer.obj)

line level    source

   1          #include "Timer.h"
   2          
   3          void Timer0_Init(void)    //1毫秒@12.000MHz
   4          {
   5   1        AUXR &= 0x7F;     //定时器时钟12T模式
   6   1        TMOD &= 0xF0;     //设置定时器模式
   7   1        TL0 = 0x18;       //设置定时初始值
   8   1        TH0 = 0xFC;       //设置定时初始值
   9   1        TF0 = 0;        //清除TF0标志
  10   1        TR0 = 1;        //定时器0开始计时
  11   1      }
  12          


MODULE INFORMATION:   STATIC OVERLAYABLE
   CODE SIZE        =     17    ----
   CONSTANT SIZE    =   ----    ----
   XDATA SIZE       =   ----    ----
   PDATA SIZE       =   ----    ----
   DATA SIZE        =   ----    ----
   IDATA SIZE       =   ----    ----
   BIT SIZE         =   ----    ----
END OF MODULE INFORMATION.


C51 COMPILATION COMPLETE.  0 WARNING(S),  0 ERROR(S)
