C51 COMPILER V9.56.0.0   UART                                                              02/04/2024 18:05:11 PAGE 1   


C51 COMPILER V9.56.0.0, COMPILATION OF MODULE UART
OBJECT MODULE PLACED IN .\Objects\Uart.obj
COMPILER INVOKED BY: D:\C51\BIN\C51.EXE Uart.c COMPACT OPTIMIZE(8,SPEED) BROWSE MODP2 DEBUG OBJECTEXTEND PRINT(.\Listing
                    -s\Uart.lst) TABS(2) OBJECT(.\Objects\Uart.obj)

line level    source

   1          #include "Uart.h"
   2          
   3          void Uart1Init(void)    //9600bps@12.000MHz
   4          {
   5   1        SCON = 0x50;    //8位数据,可变波特率
   6   1        AUXR |= 0x01;   //串口1选择定时器2为波特率发生器
   7   1        AUXR &= 0xFB;   //定时器时钟12T模式
   8   1        T2L = 0xE6;     //设置定时初始值
   9   1        T2H = 0xFF;     //设置定时初始值
  10   1        AUXR |= 0x10;   //定时器2开始计时
  11   1      }
  12          
  13          void SendByte(u8 dat)//串口送出一字节数据
  14          {
  15   1        SBUF = dat;
  16   1        while(TI == 0);
  17   1        TI = 0;
  18   1      }
  19          
  20          void Uart_Send(u8* dat)//串口送出字符串
  21          {
  22   1        while(*dat != '\0'){
  23   2          SendByte(*dat++);
  24   2        }
  25   1      }


MODULE INFORMATION:   STATIC OVERLAYABLE
   CODE SIZE        =     79    ----
   CONSTANT SIZE    =   ----    ----
   XDATA SIZE       =   ----    ----
   PDATA SIZE       =   ----       3
   DATA SIZE        =   ----    ----
   IDATA SIZE       =   ----    ----
   BIT SIZE         =   ----    ----
END OF MODULE INFORMATION.


C51 COMPILATION COMPLETE.  0 WARNING(S),  0 ERROR(S)
