C51 COMPILER V9.56.0.0   ULTRA                                                             02/04/2024 18:05:12 PAGE 1   


C51 COMPILER V9.56.0.0, COMPILATION OF MODULE ULTRA
OBJECT MODULE PLACED IN .\Objects\Ultra.obj
COMPILER INVOKED BY: D:\C51\BIN\C51.EXE Ultra.c COMPACT OPTIMIZE(8,SPEED) BROWSE MODP2 DEBUG OBJECTEXTEND PRINT(.\Listin
                    -gs\Ultra.lst) TABS(2) OBJECT(.\Objects\Ultra.obj)

line level    source

   1          #include "Ultra.h"
   2          //Tx为1时发送成功，Rx为0时接收成功
   3          //记住返回值乘常数0.017
   4          
   5          void Delay12us(void)  //@12.000MHz
   6          {
   7   1        unsigned char data i;
   8   1      
   9   1        _nop_();
  10   1        _nop_();
  11   1        i = 33;
  12   1        while (--i);
  13   1      }
  14          
  15          void Ultra_Init()//超声波初始化函数，产生8个40MHz的方波
  16          {
  17   1        u8 i;
  18   1        for(i = 0;i < 8;i++){
  19   2          Tx = 1;
  20   2          Delay12us();
  21   2          Tx = 0;
  22   2          Delay12us();
  23   2        }
  24   1      }
  25          
  26          u8 Ultra_Read()//读取距离
  27          {
  28   1        u16 t;//声波时间
  29   1        
  30   1        TMOD &= 0x0f;//定时器1配置计时模式
  31   1        TH1 = TL1 = 0;//复位计数值，等待超声波信号发出 
  32   1        Ultra_Init();//初始化
  33   1        TR1 = 1;//开始计时
  34   1        while((Rx == 1) && (TF1 == 0));//等待接收到信号或定时器溢出
  35   1        TR1 = 0;//停止计时
  36   1        if(TF1 == 0){//非溢出，即接收到信号
  37   2          t = TH1 << 8 | TL1;//转换定时值
  38   2          return (t * 0.017);//返回距离值
  39   2        }
  40   1        else{
  41   2          TF1 = 0;//清除溢出标志位
  42   2          return 0;
  43   2        }
  44   1      }


MODULE INFORMATION:   STATIC OVERLAYABLE
   CODE SIZE        =     84    ----
   CONSTANT SIZE    =   ----    ----
   XDATA SIZE       =   ----    ----
   PDATA SIZE       =   ----    ----
   DATA SIZE        =   ----       1
   IDATA SIZE       =   ----    ----
   BIT SIZE         =   ----    ----
C51 COMPILER V9.56.0.0   ULTRA                                                             02/04/2024 18:05:12 PAGE 2   

END OF MODULE INFORMATION.


C51 COMPILATION COMPLETE.  0 WARNING(S),  0 ERROR(S)
