C51 COMPILER V9.60.0.0   DEVICE                                                            03/16/2024 14:33:30 PAGE 1   


C51 COMPILER V9.60.0.0, COMPILATION OF MODULE DEVICE
OBJECT MODULE PLACED IN .\Objects\Device.obj
COMPILER INVOKED BY: D:\UV4\C51\BIN\C51.EXE Device.c OPTIMIZE(8,SPEED) BROWSE DEBUG OBJECTEXTEND PRINT(.\Listings\Device
                    -.lst) TABS(2) OBJECT(.\Objects\Device.obj)

line level    source

   1          #include "Device.h"
   2          
   3          void Device_Ctrl(u8 p2data, u8 p0data)
   4          {
   5   1        P2 = P2 & 0x1f | p2data;
   6   1        P0 = p0data;
   7   1        P2 = P2 & 0x1f;
   8   1      }
   9          
  10          void Device_Init()
  11          {
  12   1        Device_Ctrl(0xa0,0x00);
  13   1        Device_Ctrl(0x80,0xff);
  14   1        
  15   1        IE2 |= 0x04;        //开定时器2中断
  16   1        EA = 1;//开总中断
  17   1      }


MODULE INFORMATION:   STATIC OVERLAYABLE
   CODE SIZE        =     33    ----
   CONSTANT SIZE    =   ----    ----
   XDATA SIZE       =   ----    ----
   PDATA SIZE       =   ----    ----
   DATA SIZE        =   ----    ----
   IDATA SIZE       =   ----    ----
   BIT SIZE         =   ----    ----
END OF MODULE INFORMATION.


C51 COMPILATION COMPLETE.  0 WARNING(S),  0 ERROR(S)
