C51 COMPILER V9.60.0.0   EEPROM                                                            03/16/2024 14:33:30 PAGE 1   


C51 COMPILER V9.60.0.0, COMPILATION OF MODULE EEPROM
OBJECT MODULE PLACED IN .\Objects\EEPROM.obj
COMPILER INVOKED BY: D:\UV4\C51\BIN\C51.EXE EEPROM.c OPTIMIZE(8,SPEED) BROWSE DEBUG OBJECTEXTEND PRINT(.\Listings\EEPROM
                    -.lst) TABS(2) OBJECT(.\Objects\EEPROM.obj)

line level    source

   1          #include "EEPROM.h"
   2          
   3          static void I2C_Delay(unsigned char n)
   4          {
   5   1          do{_nop_();}
   6   1          while(n--);       
   7   1      }
   8          
   9          void EEPROM_Write(u8* dat,u8 addr,u8 num)//形参：将要写入的字符串；写入的地址（8倍数）；写入的数量
  10          {
  11   1        I2CStart();
  12   1        I2CSendByte(0xa0);//选择AT24C02芯片，写模式
  13   1        I2CWaitAck();
  14   1        
  15   1        I2CSendByte(addr);//选择写入的地址
  16   1        I2CWaitAck();
  17   1        
  18   1        while(num--){
  19   2          I2CSendByte(*dat++);//写入数据
  20   2          I2CWaitAck();
  21   2          I2C_Delay(200);
  22   2        }
  23   1        
  24   1        I2CStop();
  25   1      }
  26          
  27          void EEPROM_Read(u8* dat,u8 addr,u8 num)//形参：将要读出的字符串；读的地址（8倍数）；读的数量
  28          {
  29   1        I2CStart();
  30   1        I2CSendByte(0xa0);//选择AT24C02芯片，写模式
  31   1        I2CWaitAck();
  32   1        
  33   1        I2CSendByte(addr);//选择写入的地址
  34   1        I2CWaitAck();
  35   1        
  36   1        I2CStart();
  37   1        I2CSendByte(0xa1);//选择AT24C02芯片，读模式
  38   1        I2CWaitAck();
  39   1        
  40   1        while(num--){
  41   2          *dat++ = I2CReceiveByte();
  42   2          if(num) I2CSendAck(0);//继续读，发送应答
  43   2          else  I2CSendAck(1);//不应答
  44   2        }
  45   1        
  46   1        I2CStop();
  47   1      }


MODULE INFORMATION:   STATIC OVERLAYABLE
   CODE SIZE        =    160    ----
   CONSTANT SIZE    =   ----    ----
   XDATA SIZE       =   ----    ----
   PDATA SIZE       =   ----    ----
C51 COMPILER V9.60.0.0   EEPROM                                                            03/16/2024 14:33:30 PAGE 2   

   DATA SIZE        =   ----      10
   IDATA SIZE       =   ----    ----
   BIT SIZE         =   ----    ----
END OF MODULE INFORMATION.


C51 COMPILATION COMPLETE.  0 WARNING(S),  0 ERROR(S)
