C51 COMPILER V9.60.0.0   KBD                                                               03/11/2024 13:37:46 PAGE 1   


C51 COMPILER V9.60.0.0, COMPILATION OF MODULE KBD
OBJECT MODULE PLACED IN .\Objects\KBD.obj
COMPILER INVOKED BY: D:\UV4\C51\BIN\C51.EXE KBD.c LARGE OPTIMIZE(8,SPEED) BROWSE DEBUG OBJECTEXTEND PRINT(.\Listings\KBD
                    -.lst) TABS(2) OBJECT(.\Objects\KBD.obj)

line level    source

   1          #include "KBD.h"
   2          
   3          u8 KBD_IO(void)
   4          {
   5   1        u8 io = 0xff;
   6   1        
   7   1      //  P3 = 0xf0;P4 = 0xff;
   8   1      //  if(P44==0) io=0x70;
   9   1      //  if(P42==0) io=0xb0;
  10   1      //  if(P35==0) io=0xd0;
  11   1      //  if(P34==0) io=0xe0;
  12   1      //  
  13   1      //  P3 = 0x0f;P4 = 0x00;
  14   1      //  if(P33==0) io=io | 0x07;
  15   1      //  if(P32==0) io=io | 0x0b;
  16   1      //  if(P31==0) io=io | 0x0d;
  17   1      //  if(P30==0) io=io | 0x0e;
  18   1        
  19   1        P32 = 0;P33 = 0;P42 = 1;P44 = 1;//∑¿÷π”ÎNE555≤‚∆µ¬ ≥ÂÕª
  20   1        if(P44==0) io=0x70;
  21   1        if(P42==0) io=0xb0;
  22   1        
  23   1        P32 = 1;P33 = 1;P42 = 0;P44 = 0;
  24   1        if(P33==0) io=io | 0x07;
  25   1        if(P32==0) io=io | 0x0b;
  26   1        
  27   1        return io;
  28   1      }
  29          
  30          u8 trg = 0,cont = 0;
  31          void KBD_Read(void)
  32          {
  33   1        u8 state = KBD_IO() ^ 0xff;
  34   1        trg = state & (state ^ cont);
  35   1        cont = state;
  36   1      }


MODULE INFORMATION:   STATIC OVERLAYABLE
   CODE SIZE        =     65    ----
   CONSTANT SIZE    =   ----    ----
   XDATA SIZE       =      2    ----
   PDATA SIZE       =   ----    ----
   DATA SIZE        =   ----    ----
   IDATA SIZE       =   ----    ----
   BIT SIZE         =   ----    ----
END OF MODULE INFORMATION.


C51 COMPILATION COMPLETE.  0 WARNING(S),  0 ERROR(S)
