C51 COMPILER V9.56.0.0   ADDA                                                              02/08/2024 17:10:24 PAGE 1   


C51 COMPILER V9.56.0.0, COMPILATION OF MODULE ADDA
OBJECT MODULE PLACED IN .\Objects\ADDA.obj
COMPILER INVOKED BY: D:\C51\BIN\C51.EXE ADDA.c OPTIMIZE(8,SPEED) BROWSE DEBUG OBJECTEXTEND PRINT(.\Listings\ADDA.lst) TA
                    -BS(2) OBJECT(.\Objects\ADDA.obj)

line level    source

   1          #include "ADDA.h"
   2          
   3          u8 AD_Read(u8 addr)//AD转换，入口参数控制字
   4          {
   5   1        u8 dat;
   6   1        I2CStart();
   7   1        I2CSendByte(0x90);
   8   1        I2CWaitAck();
   9   1        I2CSendByte(addr);
  10   1        I2CWaitAck();
  11   1        
  12   1        I2CStart();
  13   1        I2CSendByte(0x91);
  14   1        I2CWaitAck();
  15   1        dat = I2CReceiveByte();
  16   1        I2CSendAck(1);
  17   1        I2CStop();
  18   1        
  19   1        return dat;
  20   1      }
  21          
  22          void DA_Write(float vol)//DA转换，入口参数模拟量(0~255对应0~5v)
  23          {
  24   1        u8 addr = vol * (225 / 5);
  25   1        
  26   1        I2CStart();
  27   1        I2CSendByte(0x90);
  28   1        I2CWaitAck();
  29   1        I2CSendByte(0x40);
  30   1        I2CWaitAck();
  31   1        I2CSendByte(addr);
  32   1        I2CWaitAck();
  33   1        I2CStop();
  34   1      }


MODULE INFORMATION:   STATIC OVERLAYABLE
   CODE SIZE        =    109    ----
   CONSTANT SIZE    =   ----    ----
   XDATA SIZE       =   ----    ----
   PDATA SIZE       =   ----    ----
   DATA SIZE        =   ----       7
   IDATA SIZE       =   ----    ----
   BIT SIZE         =   ----    ----
END OF MODULE INFORMATION.


C51 COMPILATION COMPLETE.  0 WARNING(S),  0 ERROR(S)
