C51 COMPILER V9.56.0.0   IIC                                                               02/08/2024 17:10:24 PAGE 1   


C51 COMPILER V9.56.0.0, COMPILATION OF MODULE IIC
OBJECT MODULE PLACED IN .\Objects\iic.obj
COMPILER INVOKED BY: D:\C51\BIN\C51.EXE iic.c OPTIMIZE(8,SPEED) BROWSE DEBUG OBJECTEXTEND PRINT(.\Listings\iic.lst) TABS
                    -(2) OBJECT(.\Objects\iic.obj)

line level    source

   1          #include "iic.h"
   2          #define DELAY_TIME  5
   3          
   4          static void I2C_Delay(unsigned char n)
   5          {
   6   1          do{_nop_();}
   7   1          while(n--);       
   8   1      }
   9          
  10          void I2CStart(void)
  11          {
  12   1          sda = 1;
  13   1          scl = 1;
  14   1        I2C_Delay(DELAY_TIME);
  15   1          sda = 0;
  16   1        I2C_Delay(DELAY_TIME);
  17   1          scl = 0;    
  18   1      }
  19          
  20          void I2CStop(void)
  21          {
  22   1          sda = 0;
  23   1          scl = 1;
  24   1        I2C_Delay(DELAY_TIME);
  25   1          sda = 1;
  26   1        I2C_Delay(DELAY_TIME);
  27   1      }
  28          
  29          void I2CSendByte(unsigned char byt)
  30          {
  31   1          unsigned char i;
  32   1        
  33   1          for(i=0; i<8; i++){
  34   2              scl = 0;
  35   2          I2C_Delay(DELAY_TIME);
  36   2              if(byt & 0x80){
  37   3                  sda = 1;
  38   3              }
  39   2              else{
  40   3                  sda = 0;
  41   3              }
  42   2          I2C_Delay(DELAY_TIME);
  43   2              scl = 1;
  44   2              byt <<= 1;
  45   2          I2C_Delay(DELAY_TIME);
  46   2          }
  47   1        
  48   1          scl = 0;  
  49   1      }
  50          
  51          unsigned char I2CReceiveByte(void)
  52          {
  53   1        unsigned char da;
  54   1        unsigned char i;
C51 COMPILER V9.56.0.0   IIC                                                               02/08/2024 17:10:24 PAGE 2   

  55   1        for(i=0;i<8;i++){   
  56   2          scl = 1;
  57   2          I2C_Delay(DELAY_TIME);
  58   2          da <<= 1;
  59   2          if(sda) 
  60   2            da |= 0x01;
  61   2          scl = 0;
  62   2          I2C_Delay(DELAY_TIME);
  63   2        }
  64   1        return da;    
  65   1      }
  66          
  67          unsigned char I2CWaitAck(void)
  68          {
  69   1        unsigned char ackbit;
  70   1        
  71   1          scl = 1;
  72   1        I2C_Delay(DELAY_TIME);
  73   1          ackbit = sda; 
  74   1          scl = 0;
  75   1        I2C_Delay(DELAY_TIME);
  76   1        
  77   1        return ackbit;
  78   1      }
  79          
  80          void I2CSendAck(bit ackbit)
  81          {
  82   1          scl = 0;
  83   1          sda = ackbit; 
  84   1        I2C_Delay(DELAY_TIME);
  85   1          scl = 1;
  86   1        I2C_Delay(DELAY_TIME);
  87   1          scl = 0; 
  88   1        sda = 1;
  89   1        I2C_Delay(DELAY_TIME);
  90   1      }


MODULE INFORMATION:   STATIC OVERLAYABLE
   CODE SIZE        =    153    ----
   CONSTANT SIZE    =   ----    ----
   XDATA SIZE       =   ----    ----
   PDATA SIZE       =   ----    ----
   DATA SIZE        =   ----    ----
   IDATA SIZE       =   ----    ----
   BIT SIZE         =   ----       1
END OF MODULE INFORMATION.


C51 COMPILATION COMPLETE.  0 WARNING(S),  0 ERROR(S)
