C51 COMPILER V9.56.0.0   TIMER                                                             02/08/2024 17:10:24 PAGE 1   


C51 COMPILER V9.56.0.0, COMPILATION OF MODULE TIMER
OBJECT MODULE PLACED IN .\Objects\Timer.obj
COMPILER INVOKED BY: D:\C51\BIN\C51.EXE Timer.c OPTIMIZE(8,SPEED) BROWSE DEBUG OBJECTEXTEND PRINT(.\Listings\Timer.lst) 
                    -TABS(2) OBJECT(.\Objects\Timer.obj)

line level    source

   1          #include "Timer.h"
   2          
   3          void Timer0_Init(void)    //NE555脉冲计数
   4          {
   5   1        AUXR &= 0x7F;     //定时器时钟12T模式
   6   1        TMOD &= 0xF0;     //设置定时器模式
   7   1        TMOD |= 0x05;     //计数器
   8   1        TL0 = 0;        //设置定时初始值
   9   1        TH0 = 0;        //设置定时初始值
  10   1        TF0 = 0;        //清除TF0标志
  11   1        TR0 = 1;        //定时器0开始计时
  12   1      }
  13          
  14          void Timer1_Init(void)    //1毫秒@12.000MHz
  15          {
  16   1        AUXR &= 0xBF;     //定时器时钟12T模式
  17   1        TMOD &= 0x0F;     //设置定时器模式
  18   1        TL1 = 0x18;       //设置定时初始值
  19   1        TH1 = 0xFC;       //设置定时初始值
  20   1        TF1 = 0;        //清除TF1标志
  21   1        TR1 = 1;        //定时器1开始计时
  22   1      }


MODULE INFORMATION:   STATIC OVERLAYABLE
   CODE SIZE        =     36    ----
   CONSTANT SIZE    =   ----    ----
   XDATA SIZE       =   ----    ----
   PDATA SIZE       =   ----    ----
   DATA SIZE        =   ----    ----
   IDATA SIZE       =   ----    ----
   BIT SIZE         =   ----    ----
END OF MODULE INFORMATION.


C51 COMPILATION COMPLETE.  0 WARNING(S),  0 ERROR(S)
