C51 COMPILER V9.56.0.0   KBD                                                               03/10/2024 15:34:46 PAGE 1   


C51 COMPILER V9.56.0.0, COMPILATION OF MODULE KBD
OBJECT MODULE PLACED IN .\Objects\KBD.obj
COMPILER INVOKED BY: D:\C51\BIN\C51.EXE KBD.c OPTIMIZE(8,SPEED) BROWSE DEBUG OBJECTEXTEND PRINT(.\Listings\KBD.lst) TABS
                    -(2) OBJECT(.\Objects\KBD.obj)

line level    source

   1          #include "KBD.h"
   2          
   3          u8 KBD_IO(void)
   4          {
   5   1        u8 io = 0xff;
   6   1        
   7   1        P32 = 0;P33 = 0;P42 = 1;P44 = 1;//Ö»É¨ÃèËÄ¼ü·ÀÖ¹³åÍ»
   8   1        if(P44==0) io=0x70;
   9   1        if(P42==0) io=0xb0;
  10   1        
  11   1        P32 = 1;P33 = 1;P42 = 0;P44 = 0;
  12   1        if(P33==0) io=io | 0x07;
  13   1        if(P32==0) io=io | 0x0b;
  14   1        
  15   1        return io;
  16   1      }
  17          
  18          u8 pres = 0,cont = 0;
  19          void KBD_Read(void)
  20          {
  21   1        u8 state = KBD_IO() ^ 0xff;
  22   1        pres = state & (state ^ cont);
  23   1        cont = state;
  24   1      }


MODULE INFORMATION:   STATIC OVERLAYABLE
   CODE SIZE        =     55    ----
   CONSTANT SIZE    =   ----    ----
   XDATA SIZE       =   ----    ----
   PDATA SIZE       =   ----    ----
   DATA SIZE        =      2    ----
   IDATA SIZE       =   ----    ----
   BIT SIZE         =   ----    ----
END OF MODULE INFORMATION.


C51 COMPILATION COMPLETE.  0 WARNING(S),  0 ERROR(S)
