C51 COMPILER V9.56.0.0   USONIC                                                            03/10/2024 15:34:46 PAGE 1   


C51 COMPILER V9.56.0.0, COMPILATION OF MODULE USONIC
OBJECT MODULE PLACED IN .\Objects\USonic.obj
COMPILER INVOKED BY: D:\C51\BIN\C51.EXE USonic.c OPTIMIZE(8,SPEED) BROWSE DEBUG OBJECTEXTEND PRINT(.\Listings\USonic.lst
                    -) TABS(2) OBJECT(.\Objects\USonic.obj)

line level    source

   1          #include "USonic.h"
   2          //Tx为1时发送成功，Rx为0时接收成功
   3          //记住返回值乘常数0.017
   4          
   5          void Delay12us(void)  //@12.000MHz
   6          {
   7   1        unsigned char data i;
   8   1      
   9   1        _nop_();
  10   1        _nop_();
  11   1        i = 38; //38 
  12   1        while (--i);
  13   1      }
  14          
  15          void Ultra_Init()//超声波初始化函数，产生8个40MHz的方波
  16          {
  17   1        u8 i;
  18   1        
  19   1        for(i = 0;i < 8;i++){
  20   2          Tx = 1;
  21   2          Delay12us();
  22   2          Tx = 0;
  23   2          Delay12us();
  24   2        }
  25   1      }
  26          
  27          u8 Ultra_Read()//读取距离
  28          {
  29   1        u16 t;//声波时间
  30   1        
  31   1        CH = CL = 0;//清空PCA寄存器计数值
  32   1        CCON = 0;//初始化PCA
  33   1        
  34   1        EA = 0;
  35   1        Ultra_Init();//超声波初始化
  36   1        EA = 1;
  37   1        
  38   1        CR = 1;//PCA开始计数
  39   1        while(Rx && ~CF);//等待接收
  40   1        CR = 0;
  41   1        if(CF == 0){
  42   2          t = CH << 8 | CL;//转换定时值
  43   2          return (t * 0.017);//返回距离值
  44   2        }
  45   1        else{
  46   2          CF = 0;
  47   2          return 0;
  48   2        }
  49   1        /*
  50   1        TMOD &= 0x0f;//定时器1配置计时模式
  51   1        TH1 = TL1 = 0;//复位计数值，等待超声波信号发出 
  52   1        Ultra_Init();//初始化
  53   1        TR1 = 1;//开始计时
  54   1        while((Rx == 1) && (TF1 == 0));//等待接收到信号或定时器溢出
C51 COMPILER V9.56.0.0   USONIC                                                            03/10/2024 15:34:46 PAGE 2   

  55   1        TR1 = 0;//停止计时
  56   1        if(TF1 == 0){//非溢出，即接收到信号
  57   1          t = TH1 << 8 | TL1;//转换定时值
  58   1          return (t * 0.017);//返回距离值
  59   1        }
  60   1        else{
  61   1          TF1 = 0;//清除溢出标志位
  62   1          return 0;
  63   1        }
  64   1        */
  65   1      }


MODULE INFORMATION:   STATIC OVERLAYABLE
   CODE SIZE        =     86    ----
   CONSTANT SIZE    =   ----    ----
   XDATA SIZE       =   ----    ----
   PDATA SIZE       =   ----    ----
   DATA SIZE        =   ----    ----
   IDATA SIZE       =   ----    ----
   BIT SIZE         =   ----    ----
END OF MODULE INFORMATION.


C51 COMPILATION COMPLETE.  0 WARNING(S),  0 ERROR(S)
